<?xml version="1.0" encoding="UTF-8" ?>
<testsuite tests="1" failures="0" name="cucumberOptions.TestRunner" time="3.334" errors="1" skipped="0">
  <properties>
[...]
</properties>
  <testcase classname="Validating place API&apos;s" name="verify if Delete Place functionality is working" time="3.334">
    <error message="No enum constant resources.APIResources.AddPlaceAPI" type="java.lang.IllegalArgumentException">java.lang.IllegalArgumentException: No enum constant resources.APIResources.AddPlaceAPI
	at java.lang.Enum.valueOf(Enum.java:238)
	at resources.APIResources.valueOf(APIResources.java:1)
	at stepDefinitions.StepDefinition.user_calls_with_http_request(StepDefinition.java:54)
	at stepDefinitions.Hooks.beforeScenario(Hooks.java:19)
</error>
    <system-err>Jun 18, 2022 1:29:41 PM io.cucumber.core.options.CucumberPropertiesParser parse
WARNING: Passing commandline options via the property `cucumber.options` has been deprecatedin favour of explicitly using property names.
Please use these instead: [cucumber.ansi-colors.disabled, cucumber.execution.dry-run, cucumber.execution.limit, cucumber.execution.order, cucumber.execution.strict, cucumber.execution.wip, cucumber.features, cucumber.filter.name, cucumber.filter.tags, cucumber.glue, cucumber.object-factory, cucumber.plugin, cucumber.snippet-type]
Jun 18, 2022 1:29:41 PM io.cucumber.junit.Cucumber &lt;init&gt;
WARNING: By default Cucumber is running in --non-strict mode.
This default will change to --strict and --non-strict will be removed.
You can use --strict or @CucumberOptions(strict = true) to suppress this warning
</system-err>
  </testcase>
</testsuite>